Using pre-set license

 COMMAND LINE ARGUMENTS:
/Applications/Unity/Hub/Editor/2020.3.7f1/Unity.app/Contents/MacOS/Unity
-adb2
-batchMode
-noUpm
-name
AssetImportWorker0
-projectPath
/Users/ynagao/unity_block_breaking
-logFile
Logs/AssetImportWorker0.log
-srvPort
64323
Successfully changed project path to: /Users/ynagao/unity_block_breaking
/Users/ynagao/unity_block_breaking
Using Asset Import Pipeline V2.
Refreshing native plugins compatible for Editor in 51.09 ms, found 1 plugins.
Preloading 0 native plugins for Editor in 0.00 ms.
Initialize engine version: 2020.3.7f1 (dd97f2c94397)
[Subsystems] Discovering subsystems at path /Applications/Unity/Hub/Editor/2020.3.7f1/Unity.app/Contents/Resources/UnitySubsystems
[Subsystems] Discovering subsystems at path /Users/ynagao/unity_block_breaking/Assets
GfxDevice: creating device client; threaded=0
2021-05-25 15:46:41.164 Unity[22460:892331] Color LCD preferred device: Intel(R) Iris(TM) Plus Graphics (low power)
2021-05-25 15:46:41.165 Unity[22460:892331] Metal devices available: 1
2021-05-25 15:46:41.165 Unity[22460:892331] 0: Intel(R) Iris(TM) Plus Graphics (low power)
2021-05-25 15:46:41.166 Unity[22460:892331] Using device Intel(R) Iris(TM) Plus Graphics (low power)
Initializing Metal device caps: Intel(R) Iris(TM) Plus Graphics
Initialize mono
Mono path[0] = '/Applications/Unity/Hub/Editor/2020.3.7f1/Unity.app/Contents/Managed'
Mono path[1] = '/Applications/Unity/Hub/Editor/2020.3.7f1/Unity.app/Contents/MonoBleedingEdge/lib/mono/unityjit'
Mono config path = '/Applications/Unity/Hub/Editor/2020.3.7f1/Unity.app/Contents/MonoBleedingEdge/etc'
Using monoOptions --debugger-agent=transport=dt_socket,embedding=1,server=y,suspend=n,address=127.0.0.1:56460
Begin MonoManager ReloadAssembly
Registering precompiled unity dll's ...
Register platform support module: /Applications/Unity/Hub/Editor/2020.3.7f1/PlaybackEngines/WebGLSupport/UnityEditor.WebGL.Extensions.dll
Register platform support module: /Applications/Unity/Hub/Editor/2020.3.7f1/Unity.app/Contents/PlaybackEngines/MacStandaloneSupport/UnityEditor.OSXStandalone.Extensions.dll
Registered in 0.001064 seconds.
Native extension for OSXStandalone target not found
Native extension for WebGL target not found
Refreshing native plugins compatible for Editor in 30.81 ms, found 1 plugins.
Preloading 0 native plugins for Editor in 0.00 ms.
Mono: successfully reloaded assembly
- Completed reload, in  2.961 seconds
Platform modules already initialized, skipping
Registering precompiled user dll's ...
Registered in 0.000503 seconds.
Begin MonoManager ReloadAssembly
Native extension for OSXStandalone target not found
Native extension for WebGL target not found
Refreshing native plugins compatible for Editor in 0.23 ms, found 1 plugins.
Preloading 0 native plugins for Editor in 0.00 ms.
Mono: successfully reloaded assembly
- Completed reload, in  1.461 seconds
Platform modules already initialized, skipping
========================================================================
Worker process is ready to serve import requests
Launching external process: /Applications/Unity/Hub/Editor/2020.3.7f1/Unity.app/Contents/Tools/UnityShaderCompiler
Launched and connected shader compiler UnityShaderCompiler after 0.02 seconds
Refreshing native plugins compatible for Editor in 0.23 ms, found 1 plugins.
Preloading 0 native plugins for Editor in 0.00 ms.
Unloading 1118 Unused Serialized files (Serialized files now loaded: 0)
System memory in use before: 108.0 MB.
System memory in use after: 108.0 MB.

Unloading 10 unused Assets to reduce memory usage. Loaded Objects now: 1561.
Total: 2.175842 ms (FindLiveObjects: 0.168972 ms CreateObjectMapping: 0.038872 ms MarkObjects: 1.820023 ms  DeleteObjects: 0.145955 ms)

========================================================================
Received Import Request.
  path: Assets/Scripts/Ball.cs
  artifactKey: Guid(b387cbd8ddcbc4635b090a67373b7609) Importer(815301076,1909f56bfc062723c751e8b465ee728b)
Start importing Assets/Scripts/Ball.cs using Guid(b387cbd8ddcbc4635b090a67373b7609) Importer(815301076,1909f56bfc062723c751e8b465ee728b)  -> (artifact id: 'fdb46fea5aa193931f17f89bfc0ed41d') in 0.339697 seconds
  Import took 0.342330 seconds .

========================================================================
Received Prepare
Registering precompiled user dll's ...
Registered in 0.000409 seconds.
Begin MonoManager ReloadAssembly
Native extension for OSXStandalone target not found
Native extension for WebGL target not found
Refreshing native plugins compatible for Editor in 0.19 ms, found 1 plugins.
Preloading 0 native plugins for Editor in 0.00 ms.
Mono: successfully reloaded assembly
- Completed reload, in  1.116 seconds
Platform modules already initialized, skipping
Refreshing native plugins compatible for Editor in 0.18 ms, found 1 plugins.
Preloading 0 native plugins for Editor in 0.00 ms.
Unloading 1113 Unused Serialized files (Serialized files now loaded: 0)
System memory in use before: 112.5 MB.
System memory in use after: 112.5 MB.

Unloading 5 unused Assets to reduce memory usage. Loaded Objects now: 1564.
Total: 1.763408 ms (FindLiveObjects: 0.242433 ms CreateObjectMapping: 0.050349 ms MarkObjects: 1.397951 ms  DeleteObjects: 0.071607 ms)

========================================================================
Received Import Request.
  Time since last request: 77.944715 seconds.
  path: Assets/Scripts/Ball.cs
  artifactKey: Guid(b387cbd8ddcbc4635b090a67373b7609) Importer(815301076,1909f56bfc062723c751e8b465ee728b)
Start importing Assets/Scripts/Ball.cs using Guid(b387cbd8ddcbc4635b090a67373b7609) Importer(815301076,1909f56bfc062723c751e8b465ee728b)  -> (artifact id: 'ac606de6c23a9db4c3be774791dd8c16') in 0.012409 seconds
  Import took 0.017275 seconds .

========================================================================
Received Import Request.
  Time since last request: 0.001872 seconds.
  path: Assets/Scripts/Ball.cs
  artifactKey: Guid(b387cbd8ddcbc4635b090a67373b7609) Importer(815301076,1909f56bfc062723c751e8b465ee728b)
Start importing Assets/Scripts/Ball.cs using Guid(b387cbd8ddcbc4635b090a67373b7609) Importer(815301076,1909f56bfc062723c751e8b465ee728b)  -> (artifact id: 'ac606de6c23a9db4c3be774791dd8c16') in 0.009391 seconds
  Import took 0.013530 seconds .

========================================================================
Received Prepare
Registering precompiled user dll's ...
Registered in 0.000598 seconds.
Begin MonoManager ReloadAssembly
Native extension for OSXStandalone target not found
Native extension for WebGL target not found
Refreshing native plugins compatible for Editor in 0.40 ms, found 1 plugins.
Preloading 0 native plugins for Editor in 0.00 ms.
Mono: successfully reloaded assembly
- Completed reload, in  2.386 seconds
Platform modules already initialized, skipping
Refreshing native plugins compatible for Editor in 0.31 ms, found 1 plugins.
Preloading 0 native plugins for Editor in 0.00 ms.
Unloading 1113 Unused Serialized files (Serialized files now loaded: 0)
System memory in use before: 112.7 MB.
System memory in use after: 112.8 MB.

Unloading 5 unused Assets to reduce memory usage. Loaded Objects now: 1567.
Total: 3.475162 ms (FindLiveObjects: 0.400000 ms CreateObjectMapping: 0.063395 ms MarkObjects: 2.915264 ms  DeleteObjects: 0.092939 ms)

========================================================================
Received Prepare
Registering precompiled user dll's ...
Registered in 0.000454 seconds.
Begin MonoManager ReloadAssembly
Native extension for OSXStandalone target not found
Native extension for WebGL target not found
Refreshing native plugins compatible for Editor in 0.22 ms, found 1 plugins.
Preloading 0 native plugins for Editor in 0.00 ms.
Mono: successfully reloaded assembly
- Completed reload, in  1.323 seconds
Platform modules already initialized, skipping
Refreshing native plugins compatible for Editor in 0.21 ms, found 1 plugins.
Preloading 0 native plugins for Editor in 0.00 ms.
Unloading 1113 Unused Serialized files (Serialized files now loaded: 0)
System memory in use before: 112.9 MB.
System memory in use after: 113.0 MB.

Unloading 5 unused Assets to reduce memory usage. Loaded Objects now: 1570.
Total: 1.726429 ms (FindLiveObjects: 0.185698 ms CreateObjectMapping: 0.043995 ms MarkObjects: 1.424594 ms  DeleteObjects: 0.070723 ms)

========================================================================
Received Prepare
Registering precompiled user dll's ...
Registered in 0.000470 seconds.
Begin MonoManager ReloadAssembly
Native extension for OSXStandalone target not found
Native extension for WebGL target not found
Refreshing native plugins compatible for Editor in 0.19 ms, found 1 plugins.
Preloading 0 native plugins for Editor in 0.00 ms.
Mono: successfully reloaded assembly
- Completed reload, in  1.207 seconds
Platform modules already initialized, skipping
Refreshing native plugins compatible for Editor in 0.24 ms, found 1 plugins.
Preloading 0 native plugins for Editor in 0.00 ms.
Unloading 1113 Unused Serialized files (Serialized files now loaded: 0)
System memory in use before: 113.1 MB.
System memory in use after: 113.1 MB.

Unloading 5 unused Assets to reduce memory usage. Loaded Objects now: 1573.
Total: 1.665874 ms (FindLiveObjects: 0.204751 ms CreateObjectMapping: 0.037998 ms MarkObjects: 1.359148 ms  DeleteObjects: 0.062871 ms)

========================================================================
Received Import Request.
  Time since last request: 64.938233 seconds.
  path: Assets/Scripts/Ball.cs
  artifactKey: Guid(b387cbd8ddcbc4635b090a67373b7609) Importer(815301076,1909f56bfc062723c751e8b465ee728b)
Start importing Assets/Scripts/Ball.cs using Guid(b387cbd8ddcbc4635b090a67373b7609) Importer(815301076,1909f56bfc062723c751e8b465ee728b)  -> (artifact id: '673867abd28c78dd6510a0369f0fef18') in 0.006682 seconds
  Import took 0.008826 seconds .

========================================================================
Received Prepare
Registering precompiled user dll's ...
Registered in 0.000445 seconds.
Begin MonoManager ReloadAssembly
Native extension for OSXStandalone target not found
Native extension for WebGL target not found
Refreshing native plugins compatible for Editor in 0.21 ms, found 1 plugins.
Preloading 0 native plugins for Editor in 0.00 ms.
Mono: successfully reloaded assembly
- Completed reload, in  1.301 seconds
Platform modules already initialized, skipping
Refreshing native plugins compatible for Editor in 0.25 ms, found 1 plugins.
Preloading 0 native plugins for Editor in 0.00 ms.
Unloading 1114 Unused Serialized files (Serialized files now loaded: 0)
System memory in use before: 113.3 MB.
System memory in use after: 113.3 MB.

Unloading 5 unused Assets to reduce memory usage. Loaded Objects now: 1577.
Total: 2.224037 ms (FindLiveObjects: 0.239542 ms CreateObjectMapping: 0.103052 ms MarkObjects: 1.801522 ms  DeleteObjects: 0.078164 ms)

========================================================================
Received Import Request.
  Time since last request: 111.094734 seconds.
  path: Assets/Scripts/NewBehaviourScript.cs
  artifactKey: Guid(ea503a632ba8544459263c7a2289b3d7) Importer(815301076,1909f56bfc062723c751e8b465ee728b)
Start importing Assets/Scripts/NewBehaviourScript.cs using Guid(ea503a632ba8544459263c7a2289b3d7) Importer(815301076,1909f56bfc062723c751e8b465ee728b)  -> (artifact id: '599902036482748b336f0b08258e02fc') in 0.008035 seconds
  Import took 0.010744 seconds .

========================================================================
Received Import Request.
  Time since last request: 11.701300 seconds.
  path: Assets/Scripts/ScoreManager.cs
  artifactKey: Guid(ea503a632ba8544459263c7a2289b3d7) Importer(815301076,1909f56bfc062723c751e8b465ee728b)
Start importing Assets/Scripts/ScoreManager.cs using Guid(ea503a632ba8544459263c7a2289b3d7) Importer(815301076,1909f56bfc062723c751e8b465ee728b)  -> (artifact id: 'a95ce347d717eb5c61490017becd4779') in 0.005474 seconds
  Import took 0.008924 seconds .

========================================================================
Received Prepare
Registering precompiled user dll's ...
Registered in 0.000389 seconds.
Begin MonoManager ReloadAssembly
Native extension for OSXStandalone target not found
Native extension for WebGL target not found
Refreshing native plugins compatible for Editor in 0.19 ms, found 1 plugins.
Preloading 0 native plugins for Editor in 0.00 ms.
Mono: successfully reloaded assembly
- Completed reload, in  1.074 seconds
Platform modules already initialized, skipping
Refreshing native plugins compatible for Editor in 0.21 ms, found 1 plugins.
Preloading 0 native plugins for Editor in 0.00 ms.
Unloading 1114 Unused Serialized files (Serialized files now loaded: 0)
System memory in use before: 113.5 MB.
System memory in use after: 113.5 MB.

Unloading 5 unused Assets to reduce memory usage. Loaded Objects now: 1580.
Total: 2.273921 ms (FindLiveObjects: 0.317969 ms CreateObjectMapping: 0.063867 ms MarkObjects: 1.822186 ms  DeleteObjects: 0.066570 ms)

========================================================================
Received Prepare
Registering precompiled user dll's ...
Registered in 0.000476 seconds.
Begin MonoManager ReloadAssembly
Native extension for OSXStandalone target not found
Native extension for WebGL target not found
Refreshing native plugins compatible for Editor in 0.20 ms, found 1 plugins.
Preloading 0 native plugins for Editor in 0.00 ms.
Mono: successfully reloaded assembly
- Completed reload, in  1.113 seconds
Platform modules already initialized, skipping
Refreshing native plugins compatible for Editor in 0.19 ms, found 1 plugins.
Preloading 0 native plugins for Editor in 0.00 ms.
Unloading 1114 Unused Serialized files (Serialized files now loaded: 0)
System memory in use before: 113.7 MB.
System memory in use after: 113.7 MB.

Unloading 5 unused Assets to reduce memory usage. Loaded Objects now: 1583.
Total: 1.592608 ms (FindLiveObjects: 0.164449 ms CreateObjectMapping: 0.051240 ms MarkObjects: 1.314864 ms  DeleteObjects: 0.061061 ms)

========================================================================
Received Prepare
Registering precompiled user dll's ...
Registered in 0.000482 seconds.
Begin MonoManager ReloadAssembly
Native extension for OSXStandalone target not found
Native extension for WebGL target not found
Refreshing native plugins compatible for Editor in 0.20 ms, found 1 plugins.
Preloading 0 native plugins for Editor in 0.00 ms.
Mono: successfully reloaded assembly
- Completed reload, in  0.963 seconds
Platform modules already initialized, skipping
Refreshing native plugins compatible for Editor in 0.20 ms, found 1 plugins.
Preloading 0 native plugins for Editor in 0.00 ms.
Unloading 1114 Unused Serialized files (Serialized files now loaded: 0)
System memory in use before: 113.8 MB.
System memory in use after: 113.9 MB.

Unloading 5 unused Assets to reduce memory usage. Loaded Objects now: 1586.
Total: 1.643635 ms (FindLiveObjects: 0.179193 ms CreateObjectMapping: 0.034750 ms MarkObjects: 1.337762 ms  DeleteObjects: 0.090630 ms)

========================================================================
Received Import Request.
  Time since last request: 110.571366 seconds.
  path: Assets/Scripts/ScoreManager.cs
  artifactKey: Guid(ea503a632ba8544459263c7a2289b3d7) Importer(815301076,1909f56bfc062723c751e8b465ee728b)
Start importing Assets/Scripts/ScoreManager.cs using Guid(ea503a632ba8544459263c7a2289b3d7) Importer(815301076,1909f56bfc062723c751e8b465ee728b)  -> (artifact id: '895ed11e7ac9cadecb23b6b2885d93fb') in 0.005889 seconds
  Import took 0.008396 seconds .

========================================================================
Received Import Request.
  Time since last request: 0.000952 seconds.
  path: Assets/Scripts/ScoreManager.cs
  artifactKey: Guid(ea503a632ba8544459263c7a2289b3d7) Importer(815301076,1909f56bfc062723c751e8b465ee728b)
Start importing Assets/Scripts/ScoreManager.cs using Guid(ea503a632ba8544459263c7a2289b3d7) Importer(815301076,1909f56bfc062723c751e8b465ee728b)  -> (artifact id: '895ed11e7ac9cadecb23b6b2885d93fb') in 0.004691 seconds
  Import took 0.006744 seconds .

========================================================================
Received Prepare
Registering precompiled user dll's ...
Registered in 0.000713 seconds.
Begin MonoManager ReloadAssembly
Native extension for OSXStandalone target not found
Native extension for WebGL target not found
Refreshing native plugins compatible for Editor in 0.22 ms, found 1 plugins.
Preloading 0 native plugins for Editor in 0.00 ms.
Mono: successfully reloaded assembly
- Completed reload, in  1.288 seconds
Platform modules already initialized, skipping
Refreshing native plugins compatible for Editor in 0.20 ms, found 1 plugins.
Preloading 0 native plugins for Editor in 0.00 ms.
Unloading 1114 Unused Serialized files (Serialized files now loaded: 0)
System memory in use before: 114.0 MB.
System memory in use after: 114.0 MB.

Unloading 5 unused Assets to reduce memory usage. Loaded Objects now: 1589.
Total: 1.677775 ms (FindLiveObjects: 0.275384 ms CreateObjectMapping: 0.051715 ms MarkObjects: 1.285385 ms  DeleteObjects: 0.064259 ms)

========================================================================
Received Prepare
Registering precompiled user dll's ...
Registered in 0.000588 seconds.
Begin MonoManager ReloadAssembly
Native extension for OSXStandalone target not found
Native extension for WebGL target not found
Refreshing native plugins compatible for Editor in 0.21 ms, found 1 plugins.
Preloading 0 native plugins for Editor in 0.00 ms.
Mono: successfully reloaded assembly
- Completed reload, in  1.385 seconds
Platform modules already initialized, skipping
Refreshing native plugins compatible for Editor in 0.21 ms, found 1 plugins.
Preloading 0 native plugins for Editor in 0.00 ms.
Unloading 1114 Unused Serialized files (Serialized files now loaded: 0)
System memory in use before: 114.1 MB.
System memory in use after: 114.2 MB.

Unloading 5 unused Assets to reduce memory usage. Loaded Objects now: 1592.
Total: 1.721581 ms (FindLiveObjects: 0.191185 ms CreateObjectMapping: 0.045971 ms MarkObjects: 1.412163 ms  DeleteObjects: 0.070977 ms)

========================================================================
Received Import Request.
  Time since last request: 118.657076 seconds.
  path: Assets/Scripts/Ball.cs
  artifactKey: Guid(b387cbd8ddcbc4635b090a67373b7609) Importer(815301076,1909f56bfc062723c751e8b465ee728b)
Start importing Assets/Scripts/Ball.cs using Guid(b387cbd8ddcbc4635b090a67373b7609) Importer(815301076,1909f56bfc062723c751e8b465ee728b)  -> (artifact id: '2b6d2e2387170a6e70a69b55a7394bc9') in 0.006764 seconds
  Import took 0.009885 seconds .

========================================================================
Received Prepare
Registering precompiled user dll's ...
Registered in 0.000731 seconds.
Begin MonoManager ReloadAssembly
Native extension for OSXStandalone target not found
Native extension for WebGL target not found
Refreshing native plugins compatible for Editor in 0.21 ms, found 1 plugins.
Preloading 0 native plugins for Editor in 0.00 ms.
Mono: successfully reloaded assembly
- Completed reload, in  1.233 seconds
Platform modules already initialized, skipping
Refreshing native plugins compatible for Editor in 0.45 ms, found 1 plugins.
Preloading 0 native plugins for Editor in 0.00 ms.
Unloading 1114 Unused Serialized files (Serialized files now loaded: 0)
System memory in use before: 114.3 MB.
System memory in use after: 114.3 MB.

Unloading 5 unused Assets to reduce memory usage. Loaded Objects now: 1595.
Total: 11.583813 ms (FindLiveObjects: 0.301230 ms CreateObjectMapping: 0.103522 ms MarkObjects: 10.995517 ms  DeleteObjects: 0.177958 ms)

========================================================================
Received Prepare
Registering precompiled user dll's ...
Registered in 0.000383 seconds.
Begin MonoManager ReloadAssembly
Native extension for OSXStandalone target not found
Native extension for WebGL target not found
Refreshing native plugins compatible for Editor in 0.21 ms, found 1 plugins.
Preloading 0 native plugins for Editor in 0.00 ms.
Mono: successfully reloaded assembly
- Completed reload, in  1.178 seconds
Platform modules already initialized, skipping
Refreshing native plugins compatible for Editor in 0.19 ms, found 1 plugins.
Preloading 0 native plugins for Editor in 0.00 ms.
Unloading 1114 Unused Serialized files (Serialized files now loaded: 0)
System memory in use before: 114.5 MB.
System memory in use after: 114.5 MB.

Unloading 5 unused Assets to reduce memory usage. Loaded Objects now: 1598.
Total: 2.430711 ms (FindLiveObjects: 0.191895 ms CreateObjectMapping: 0.038947 ms MarkObjects: 2.096053 ms  DeleteObjects: 0.100469 ms)

========================================================================
Received Prepare
Registering precompiled user dll's ...
Registered in 0.000613 seconds.
Begin MonoManager ReloadAssembly
Native extension for OSXStandalone target not found
Native extension for WebGL target not found
Refreshing native plugins compatible for Editor in 0.22 ms, found 1 plugins.
Preloading 0 native plugins for Editor in 0.00 ms.
Mono: successfully reloaded assembly
- Completed reload, in  1.114 seconds
Platform modules already initialized, skipping
Refreshing native plugins compatible for Editor in 0.20 ms, found 1 plugins.
Preloading 0 native plugins for Editor in 0.00 ms.
Unloading 1114 Unused Serialized files (Serialized files now loaded: 0)
System memory in use before: 114.6 MB.
System memory in use after: 114.7 MB.

Unloading 5 unused Assets to reduce memory usage. Loaded Objects now: 1601.
Total: 1.600681 ms (FindLiveObjects: 0.163452 ms CreateObjectMapping: 0.037662 ms MarkObjects: 1.333627 ms  DeleteObjects: 0.064758 ms)

========================================================================
Received Prepare
Registering precompiled user dll's ...
Registered in 0.000442 seconds.
Begin MonoManager ReloadAssembly
Native extension for OSXStandalone target not found
Native extension for WebGL target not found
Refreshing native plugins compatible for Editor in 0.19 ms, found 1 plugins.
Preloading 0 native plugins for Editor in 0.00 ms.
Mono: successfully reloaded assembly
- Completed reload, in  1.025 seconds
Platform modules already initialized, skipping
Refreshing native plugins compatible for Editor in 0.19 ms, found 1 plugins.
Preloading 0 native plugins for Editor in 0.00 ms.
Unloading 1114 Unused Serialized files (Serialized files now loaded: 0)
System memory in use before: 114.8 MB.
System memory in use after: 114.9 MB.

Unloading 5 unused Assets to reduce memory usage. Loaded Objects now: 1604.
Total: 2.220138 ms (FindLiveObjects: 0.277011 ms CreateObjectMapping: 0.046918 ms MarkObjects: 1.825094 ms  DeleteObjects: 0.069370 ms)

========================================================================
Received Prepare
Registering precompiled user dll's ...
Registered in 0.000504 seconds.
Begin MonoManager ReloadAssembly
Native extension for OSXStandalone target not found
Native extension for WebGL target not found
Refreshing native plugins compatible for Editor in 0.19 ms, found 1 plugins.
Preloading 0 native plugins for Editor in 0.00 ms.
Mono: successfully reloaded assembly
- Completed reload, in  1.068 seconds
Platform modules already initialized, skipping
Refreshing native plugins compatible for Editor in 0.24 ms, found 1 plugins.
Preloading 0 native plugins for Editor in 0.00 ms.
Unloading 1114 Unused Serialized files (Serialized files now loaded: 0)
System memory in use before: 115.0 MB.
System memory in use after: 115.0 MB.

Unloading 5 unused Assets to reduce memory usage. Loaded Objects now: 1607.
Total: 1.770577 ms (FindLiveObjects: 0.194715 ms CreateObjectMapping: 0.048542 ms MarkObjects: 1.461083 ms  DeleteObjects: 0.065089 ms)

========================================================================
Received Prepare
Registering precompiled user dll's ...
Registered in 0.000457 seconds.
Begin MonoManager ReloadAssembly
Native extension for OSXStandalone target not found
Native extension for WebGL target not found
Refreshing native plugins compatible for Editor in 0.25 ms, found 1 plugins.
Preloading 0 native plugins for Editor in 0.00 ms.
Mono: successfully reloaded assembly
- Completed reload, in  1.685 seconds
Platform modules already initialized, skipping
Refreshing native plugins compatible for Editor in 0.36 ms, found 1 plugins.
Preloading 0 native plugins for Editor in 0.00 ms.
Unloading 1114 Unused Serialized files (Serialized files now loaded: 0)
System memory in use before: 115.2 MB.
System memory in use after: 115.2 MB.

Unloading 5 unused Assets to reduce memory usage. Loaded Objects now: 1610.
Total: 3.344682 ms (FindLiveObjects: 0.296340 ms CreateObjectMapping: 0.082667 ms MarkObjects: 2.875944 ms  DeleteObjects: 0.086228 ms)

========================================================================
Received Import Request.
  Time since last request: 513.801155 seconds.
  path: Assets/CasualGameBGM05/BGM_01.wav
  artifactKey: Guid(475f4837af487ce4a9e68bb227455e4c) Importer(815301076,1909f56bfc062723c751e8b465ee728b)
Start importing Assets/CasualGameBGM05/BGM_01.wav using Guid(475f4837af487ce4a9e68bb227455e4c) Importer(815301076,1909f56bfc062723c751e8b465ee728b)  -> (artifact id: '134a84347156beba34d67d59804035c2') in 0.798379 seconds
  Import took 0.801521 seconds .

========================================================================
Received Import Request.
  Time since last request: 12.120854 seconds.
  path: Assets/CasualGameBGM05/BGM_02.wav
  artifactKey: Guid(90eae78e8ce85a849b5b0ca11b2de641) Importer(815301076,1909f56bfc062723c751e8b465ee728b)
Start importing Assets/CasualGameBGM05/BGM_02.wav using Guid(90eae78e8ce85a849b5b0ca11b2de641) Importer(815301076,1909f56bfc062723c751e8b465ee728b)  -> (artifact id: 'f4f7b5cf3a57a5c523ab6694bbb81a2d') in 0.009385 seconds
  Import took 0.011987 seconds .

========================================================================
Received Import Request.
  Time since last request: 4.215831 seconds.
  path: Assets/CasualGameBGM05/BGM_03.wav
  artifactKey: Guid(47f45ef7b5767674393cc401fc325705) Importer(815301076,1909f56bfc062723c751e8b465ee728b)
Start importing Assets/CasualGameBGM05/BGM_03.wav using Guid(47f45ef7b5767674393cc401fc325705) Importer(815301076,1909f56bfc062723c751e8b465ee728b)  -> (artifact id: '35408c6aa1fca53c83c5052b5dbe3e5c') in 0.008240 seconds
  Import took 0.010799 seconds .

========================================================================
Received Import Request.
  Time since last request: 2.330548 seconds.
  path: Assets/CasualGameBGM05/BGM_04.wav
  artifactKey: Guid(1532c7e67c2d60c4c8780da14b7e8fcf) Importer(815301076,1909f56bfc062723c751e8b465ee728b)
Start importing Assets/CasualGameBGM05/BGM_04.wav using Guid(1532c7e67c2d60c4c8780da14b7e8fcf) Importer(815301076,1909f56bfc062723c751e8b465ee728b)  -> (artifact id: '215e624a120fba82f9408387ed9e4455') in 0.009860 seconds
  Import took 0.012907 seconds .

========================================================================
Received Import Request.
  Time since last request: 0.000379 seconds.
  path: Assets/CasualGameBGM05/BGM_04.wav
  artifactKey: Guid(1532c7e67c2d60c4c8780da14b7e8fcf) Importer(815301076,1909f56bfc062723c751e8b465ee728b)
Start importing Assets/CasualGameBGM05/BGM_04.wav using Guid(1532c7e67c2d60c4c8780da14b7e8fcf) Importer(815301076,1909f56bfc062723c751e8b465ee728b)  -> (artifact id: '215e624a120fba82f9408387ed9e4455') in 0.014000 seconds
  Import took 0.016447 seconds .

========================================================================
Received Prepare
Registering precompiled user dll's ...
Registered in 0.000432 seconds.
Begin MonoManager ReloadAssembly
Native extension for OSXStandalone target not found
Native extension for WebGL target not found
Refreshing native plugins compatible for Editor in 0.20 ms, found 1 plugins.
Preloading 0 native plugins for Editor in 0.00 ms.
Mono: successfully reloaded assembly
- Completed reload, in  0.955 seconds
Platform modules already initialized, skipping
Refreshing native plugins compatible for Editor in 0.18 ms, found 1 plugins.
Preloading 0 native plugins for Editor in 0.00 ms.
Unloading 1114 Unused Serialized files (Serialized files now loaded: 0)
System memory in use before: 123.1 MB.
System memory in use after: 123.1 MB.

Unloading 5 unused Assets to reduce memory usage. Loaded Objects now: 1622.
Total: 1.525213 ms (FindLiveObjects: 0.153134 ms CreateObjectMapping: 0.044642 ms MarkObjects: 1.260938 ms  DeleteObjects: 0.065352 ms)

========================================================================
Received Import Request.
  Time since last request: 224.344507 seconds.
  path: Assets/CasualGameSounds/DM-CGS-01.wav
  artifactKey: Guid(32d4b1811dda14a6cb9e059ee8ad17d2) Importer(815301076,1909f56bfc062723c751e8b465ee728b)
Start importing Assets/CasualGameSounds/DM-CGS-01.wav using Guid(32d4b1811dda14a6cb9e059ee8ad17d2) Importer(815301076,1909f56bfc062723c751e8b465ee728b)  -> (artifact id: '3c5ab63db0363f0d36d4fec67921495e') in 0.055188 seconds
  Import took 0.057480 seconds .

========================================================================
Received Import Request.
  Time since last request: 1.344478 seconds.
  path: Assets/CasualGameSounds/DM-CGS-02.wav
  artifactKey: Guid(dc6614beca09347ec9b258f12d154bdd) Importer(815301076,1909f56bfc062723c751e8b465ee728b)
Start importing Assets/CasualGameSounds/DM-CGS-02.wav using Guid(dc6614beca09347ec9b258f12d154bdd) Importer(815301076,1909f56bfc062723c751e8b465ee728b)  -> (artifact id: 'c391ca6d8ff288d937e3a71a962f731b') in 0.006399 seconds
  Import took 0.008368 seconds .

========================================================================
Received Import Request.
  Time since last request: 2.409779 seconds.
  path: Assets/CasualGameSounds/DM-CGS-03.wav
  artifactKey: Guid(19f89c6e740e7447f9e12a8310d3e973) Importer(815301076,1909f56bfc062723c751e8b465ee728b)
Start importing Assets/CasualGameSounds/DM-CGS-03.wav using Guid(19f89c6e740e7447f9e12a8310d3e973) Importer(815301076,1909f56bfc062723c751e8b465ee728b)  -> (artifact id: '2cbb8e7ce2ef4dba1e33438510876561') in 0.015968 seconds
  Import took 0.019185 seconds .

========================================================================
Received Import Request.
  Time since last request: 0.002458 seconds.
  path: Assets/CasualGameSounds/DM-CGS-03.wav
  artifactKey: Guid(19f89c6e740e7447f9e12a8310d3e973) Importer(815301076,1909f56bfc062723c751e8b465ee728b)
Start importing Assets/CasualGameSounds/DM-CGS-03.wav using Guid(19f89c6e740e7447f9e12a8310d3e973) Importer(815301076,1909f56bfc062723c751e8b465ee728b)  -> (artifact id: '2cbb8e7ce2ef4dba1e33438510876561') in 0.018511 seconds
  Import took 0.021236 seconds .

========================================================================
Received Import Request.
  Time since last request: 1.061105 seconds.
  path: Assets/CasualGameSounds/DM-CGS-04.wav
  artifactKey: Guid(c5e2a73ad4706440f93bf05df0b465fe) Importer(815301076,1909f56bfc062723c751e8b465ee728b)
Start importing Assets/CasualGameSounds/DM-CGS-04.wav using Guid(c5e2a73ad4706440f93bf05df0b465fe) Importer(815301076,1909f56bfc062723c751e8b465ee728b)  -> (artifact id: '6b531600426c7eb22bf64f46efda1394') in 0.009370 seconds
  Import took 0.012097 seconds .

========================================================================
Received Import Request.
  Time since last request: 11.391349 seconds.
  path: Assets/CasualGameSounds/DM-CGS-05.wav
  artifactKey: Guid(b99da9a57308d4ba1bee1cf1d9038376) Importer(815301076,1909f56bfc062723c751e8b465ee728b)
Start importing Assets/CasualGameSounds/DM-CGS-05.wav using Guid(b99da9a57308d4ba1bee1cf1d9038376) Importer(815301076,1909f56bfc062723c751e8b465ee728b)  -> (artifact id: 'f56e7ccf69a8b847f5e89695b66b043f') in 0.010588 seconds
  Import took 0.013013 seconds .

========================================================================
Received Import Request.
  Time since last request: 1.010974 seconds.
  path: Assets/CasualGameSounds/DM-CGS-06.wav
  artifactKey: Guid(a235d590ef2a04d1b85b61ef4c21337c) Importer(815301076,1909f56bfc062723c751e8b465ee728b)
Start importing Assets/CasualGameSounds/DM-CGS-06.wav using Guid(a235d590ef2a04d1b85b61ef4c21337c) Importer(815301076,1909f56bfc062723c751e8b465ee728b)  -> (artifact id: 'dbb27b3cd1747bad0296d9cffd7719a9') in 0.006646 seconds
  Import took 0.008796 seconds .

========================================================================
Received Import Request.
  Time since last request: 174.662920 seconds.
  path: Assets/CasualGameBGM05
  artifactKey: Guid(73553decb871d4cb69d9f113d04fe7e4) Importer(815301076,1909f56bfc062723c751e8b465ee728b)
Start importing Assets/CasualGameBGM05 using Guid(73553decb871d4cb69d9f113d04fe7e4) Importer(815301076,1909f56bfc062723c751e8b465ee728b)  -> (artifact id: 'd5c1af1f80e1fa68f2a3b62c95542113') in 0.002863 seconds
  Import took 0.007184 seconds .

========================================================================
Received Import Request.
  Time since last request: 0.001160 seconds.
  path: Assets/CasualGameBGM05
  artifactKey: Guid(73553decb871d4cb69d9f113d04fe7e4) Importer(815301076,1909f56bfc062723c751e8b465ee728b)
Start importing Assets/CasualGameBGM05 using Guid(73553decb871d4cb69d9f113d04fe7e4) Importer(815301076,1909f56bfc062723c751e8b465ee728b)  -> (artifact id: 'd5c1af1f80e1fa68f2a3b62c95542113') in 0.001417 seconds
  Import took 0.004739 seconds .

========================================================================
Received Prepare
Registering precompiled user dll's ...
Registered in 0.000458 seconds.
Begin MonoManager ReloadAssembly
Native extension for OSXStandalone target not found
Native extension for WebGL target not found
Refreshing native plugins compatible for Editor in 0.21 ms, found 1 plugins.
Preloading 0 native plugins for Editor in 0.00 ms.
Mono: successfully reloaded assembly
- Completed reload, in  0.943 seconds
Platform modules already initialized, skipping
Refreshing native plugins compatible for Editor in 0.22 ms, found 1 plugins.
Preloading 0 native plugins for Editor in 0.00 ms.
Unloading 1114 Unused Serialized files (Serialized files now loaded: 0)
System memory in use before: 123.4 MB.
System memory in use after: 123.5 MB.

Unloading 5 unused Assets to reduce memory usage. Loaded Objects now: 1626.
Total: 1.815261 ms (FindLiveObjects: 0.172037 ms CreateObjectMapping: 0.046625 ms MarkObjects: 1.503158 ms  DeleteObjects: 0.092151 ms)

========================================================================
Received Import Request.
  Time since last request: 721.318460 seconds.
  path: Assets/Scripts/Ball.cs
  artifactKey: Guid(b387cbd8ddcbc4635b090a67373b7609) Importer(815301076,1909f56bfc062723c751e8b465ee728b)
Start importing Assets/Scripts/Ball.cs using Guid(b387cbd8ddcbc4635b090a67373b7609) Importer(815301076,1909f56bfc062723c751e8b465ee728b)  -> (artifact id: '15ab2dc6fead4f3b6492983ac1cc7405') in 0.006049 seconds
  Import took 0.009414 seconds .

========================================================================
Received Import Request.
  Time since last request: 0.002937 seconds.
  path: Assets/Scripts/Ball.cs
  artifactKey: Guid(b387cbd8ddcbc4635b090a67373b7609) Importer(815301076,1909f56bfc062723c751e8b465ee728b)
Start importing Assets/Scripts/Ball.cs using Guid(b387cbd8ddcbc4635b090a67373b7609) Importer(815301076,1909f56bfc062723c751e8b465ee728b)  -> (artifact id: '15ab2dc6fead4f3b6492983ac1cc7405') in 0.002547 seconds
  Import took 0.005571 seconds .

========================================================================
Received Import Request.
  Time since last request: 28.634335 seconds.
  path: Assets/Scripts/Ball.cs
  artifactKey: Guid(b387cbd8ddcbc4635b090a67373b7609) Importer(815301076,1909f56bfc062723c751e8b465ee728b)
Start importing Assets/Scripts/Ball.cs using Guid(b387cbd8ddcbc4635b090a67373b7609) Importer(815301076,1909f56bfc062723c751e8b465ee728b)  -> (artifact id: '2697893ae45b0493159a857fecadeab4') in 0.001560 seconds
  Import took 0.003386 seconds .

========================================================================
Received Import Request.
  Time since last request: 0.002457 seconds.
  path: Assets/Scripts/Ball.cs
  artifactKey: Guid(b387cbd8ddcbc4635b090a67373b7609) Importer(815301076,1909f56bfc062723c751e8b465ee728b)
Start importing Assets/Scripts/Ball.cs using Guid(b387cbd8ddcbc4635b090a67373b7609) Importer(815301076,1909f56bfc062723c751e8b465ee728b)  -> (artifact id: '2697893ae45b0493159a857fecadeab4') in 0.001365 seconds
  Import took 0.003271 seconds .

========================================================================
Received Import Request.
  Time since last request: 20.293415 seconds.
  path: Assets/Scenes/SampleScene.unity
  artifactKey: Guid(9fc0d4010bbf28b4594072e72b8655ab) Importer(815301076,1909f56bfc062723c751e8b465ee728b)
Start importing Assets/Scenes/SampleScene.unity using Guid(9fc0d4010bbf28b4594072e72b8655ab) Importer(815301076,1909f56bfc062723c751e8b465ee728b)  -> (artifact id: '394903505b6339e44bdea0f6490e11cd') in 0.010461 seconds
  Import took 0.012922 seconds .

========================================================================
Received Import Request.
  Time since last request: 0.679980 seconds.
  path: Assets/Scenes/SampleScene
  artifactKey: Guid(6333fd268d51f46ef8e78a2516b07b5b) Importer(815301076,1909f56bfc062723c751e8b465ee728b)
Start importing Assets/Scenes/SampleScene using Guid(6333fd268d51f46ef8e78a2516b07b5b) Importer(815301076,1909f56bfc062723c751e8b465ee728b)  -> (artifact id: 'b7b8dd1fbadda85f9f6a8ca3f16408d1') in 0.001797 seconds
  Import took 0.005381 seconds .

========================================================================
Received Import Request.
  Time since last request: 3.823416 seconds.
  path: Assets/CasualGameSounds
  artifactKey: Guid(cd133ab8ef98d4609a64f821839fddb6) Importer(815301076,1909f56bfc062723c751e8b465ee728b)
Start importing Assets/CasualGameSounds using Guid(cd133ab8ef98d4609a64f821839fddb6) Importer(815301076,1909f56bfc062723c751e8b465ee728b)  -> (artifact id: 'f1139ae5f996e87ffe26eb8c25d75c3e') in 0.001914 seconds
  Import took 0.005378 seconds .

========================================================================
Received Import Request.
  Time since last request: 98.028550 seconds.
  path: Assets/Scripts/GameController.cs
  artifactKey: Guid(a44d4ab624d4e414fa16f6e51aeed676) Importer(815301076,1909f56bfc062723c751e8b465ee728b)
Start importing Assets/Scripts/GameController.cs using Guid(a44d4ab624d4e414fa16f6e51aeed676) Importer(815301076,1909f56bfc062723c751e8b465ee728b)  -> (artifact id: '69c39bdf2dc8eeaa4009e386d3920b13') in 0.002608 seconds
  Import took 0.005494 seconds .

========================================================================
Received Import Request.
  Time since last request: 0.002466 seconds.
  path: Assets/Scripts/GameController.cs
  artifactKey: Guid(a44d4ab624d4e414fa16f6e51aeed676) Importer(815301076,1909f56bfc062723c751e8b465ee728b)
Start importing Assets/Scripts/GameController.cs using Guid(a44d4ab624d4e414fa16f6e51aeed676) Importer(815301076,1909f56bfc062723c751e8b465ee728b)  -> (artifact id: '69c39bdf2dc8eeaa4009e386d3920b13') in 0.002493 seconds
  Import took 0.005599 seconds .

========================================================================
Received Prepare
Registering precompiled user dll's ...
Registered in 0.000406 seconds.
Begin MonoManager ReloadAssembly
Native extension for OSXStandalone target not found
Native extension for WebGL target not found
Refreshing native plugins compatible for Editor in 0.27 ms, found 1 plugins.
Preloading 0 native plugins for Editor in 0.00 ms.
Mono: successfully reloaded assembly
- Completed reload, in  1.207 seconds
Platform modules already initialized, skipping
Refreshing native plugins compatible for Editor in 0.25 ms, found 1 plugins.
Preloading 0 native plugins for Editor in 0.00 ms.
Unloading 1114 Unused Serialized files (Serialized files now loaded: 0)
System memory in use before: 123.6 MB.
System memory in use after: 123.6 MB.

Unloading 5 unused Assets to reduce memory usage. Loaded Objects now: 1629.
Total: 1.763457 ms (FindLiveObjects: 0.182187 ms CreateObjectMapping: 0.049712 ms MarkObjects: 1.459950 ms  DeleteObjects: 0.070353 ms)

========================================================================
Received Prepare
Registering precompiled user dll's ...
Registered in 0.000529 seconds.
Begin MonoManager ReloadAssembly
Native extension for OSXStandalone target not found
Native extension for WebGL target not found
Refreshing native plugins compatible for Editor in 0.22 ms, found 1 plugins.
Preloading 0 native plugins for Editor in 0.00 ms.
Mono: successfully reloaded assembly
- Completed reload, in  1.195 seconds
Platform modules already initialized, skipping
Refreshing native plugins compatible for Editor in 0.23 ms, found 1 plugins.
Preloading 0 native plugins for Editor in 0.00 ms.
Unloading 1114 Unused Serialized files (Serialized files now loaded: 0)
System memory in use before: 123.8 MB.
System memory in use after: 123.8 MB.

Unloading 5 unused Assets to reduce memory usage. Loaded Objects now: 1632.
Total: 1.677225 ms (FindLiveObjects: 0.184822 ms CreateObjectMapping: 0.041221 ms MarkObjects: 1.384314 ms  DeleteObjects: 0.065765 ms)

========================================================================
Received Import Request.
  Time since last request: 183.495165 seconds.
  path: Assets/Scripts/Ball.cs
  artifactKey: Guid(b387cbd8ddcbc4635b090a67373b7609) Importer(815301076,1909f56bfc062723c751e8b465ee728b)
Start importing Assets/Scripts/Ball.cs using Guid(b387cbd8ddcbc4635b090a67373b7609) Importer(815301076,1909f56bfc062723c751e8b465ee728b)  -> (artifact id: '92da65ee475453b6029b95ba258a7275') in 0.004496 seconds
  Import took 0.006861 seconds .

========================================================================
Received Prepare
Registering precompiled user dll's ...
Registered in 0.000477 seconds.
Begin MonoManager ReloadAssembly
Native extension for OSXStandalone target not found
Native extension for WebGL target not found
Refreshing native plugins compatible for Editor in 0.25 ms, found 1 plugins.
Preloading 0 native plugins for Editor in 0.00 ms.
Mono: successfully reloaded assembly
- Completed reload, in  1.136 seconds
Platform modules already initialized, skipping
Refreshing native plugins compatible for Editor in 0.21 ms, found 1 plugins.
Preloading 0 native plugins for Editor in 0.00 ms.
Unloading 1114 Unused Serialized files (Serialized files now loaded: 0)
System memory in use before: 124.0 MB.
System memory in use after: 124.0 MB.

Unloading 5 unused Assets to reduce memory usage. Loaded Objects now: 1635.
Total: 1.591795 ms (FindLiveObjects: 0.242236 ms CreateObjectMapping: 0.042800 ms MarkObjects: 1.243285 ms  DeleteObjects: 0.061896 ms)

========================================================================
Received Prepare
Registering precompiled user dll's ...
Registered in 0.000738 seconds.
Begin MonoManager ReloadAssembly
Native extension for OSXStandalone target not found
Native extension for WebGL target not found
Refreshing native plugins compatible for Editor in 0.20 ms, found 1 plugins.
Preloading 0 native plugins for Editor in 0.00 ms.
Mono: successfully reloaded assembly
- Completed reload, in  0.985 seconds
Platform modules already initialized, skipping
Refreshing native plugins compatible for Editor in 0.22 ms, found 1 plugins.
Preloading 0 native plugins for Editor in 0.00 ms.
Unloading 1114 Unused Serialized files (Serialized files now loaded: 0)
System memory in use before: 124.1 MB.
System memory in use after: 124.2 MB.

Unloading 5 unused Assets to reduce memory usage. Loaded Objects now: 1638.
Total: 1.921297 ms (FindLiveObjects: 0.148732 ms CreateObjectMapping: 0.039075 ms MarkObjects: 1.656958 ms  DeleteObjects: 0.073024 ms)

========================================================================
Received Prepare
Registering precompiled user dll's ...
Registered in 0.000474 seconds.
Begin MonoManager ReloadAssembly
Native extension for OSXStandalone target not found
Native extension for WebGL target not found
Refreshing native plugins compatible for Editor in 0.23 ms, found 1 plugins.
Preloading 0 native plugins for Editor in 0.00 ms.
Mono: successfully reloaded assembly
- Completed reload, in  1.160 seconds
Platform modules already initialized, skipping
Refreshing native plugins compatible for Editor in 0.21 ms, found 1 plugins.
Preloading 0 native plugins for Editor in 0.00 ms.
Unloading 1114 Unused Serialized files (Serialized files now loaded: 0)
System memory in use before: 124.3 MB.
System memory in use after: 124.4 MB.

Unloading 5 unused Assets to reduce memory usage. Loaded Objects now: 1641.
Total: 1.730781 ms (FindLiveObjects: 0.211200 ms CreateObjectMapping: 0.038461 ms MarkObjects: 1.413771 ms  DeleteObjects: 0.065856 ms)

========================================================================
Received Import Request.
  Time since last request: 260.350295 seconds.
  path: Assets/Scripts/Ball.cs
  artifactKey: Guid(b387cbd8ddcbc4635b090a67373b7609) Importer(815301076,1909f56bfc062723c751e8b465ee728b)
Start importing Assets/Scripts/Ball.cs using Guid(b387cbd8ddcbc4635b090a67373b7609) Importer(815301076,1909f56bfc062723c751e8b465ee728b)  -> (artifact id: 'bb20e9ae8cea355c6c72f30780aefaba') in 0.005162 seconds
  Import took 0.007908 seconds .

========================================================================
Received Import Request.
  Time since last request: 0.005042 seconds.
  path: Assets/Scripts/Ball.cs
  artifactKey: Guid(b387cbd8ddcbc4635b090a67373b7609) Importer(815301076,1909f56bfc062723c751e8b465ee728b)
Start importing Assets/Scripts/Ball.cs using Guid(b387cbd8ddcbc4635b090a67373b7609) Importer(815301076,1909f56bfc062723c751e8b465ee728b)  -> (artifact id: 'bb20e9ae8cea355c6c72f30780aefaba') in 0.002769 seconds
  Import took 0.005596 seconds .

========================================================================
Received Prepare
Registering precompiled user dll's ...
Registered in 0.000526 seconds.
Begin MonoManager ReloadAssembly
Native extension for OSXStandalone target not found
Native extension for WebGL target not found
Refreshing native plugins compatible for Editor in 0.22 ms, found 1 plugins.
Preloading 0 native plugins for Editor in 0.00 ms.
Mono: successfully reloaded assembly
- Completed reload, in  1.180 seconds
Platform modules already initialized, skipping
Refreshing native plugins compatible for Editor in 0.29 ms, found 1 plugins.
Preloading 0 native plugins for Editor in 0.00 ms.
Unloading 1114 Unused Serialized files (Serialized files now loaded: 0)
System memory in use before: 124.5 MB.
System memory in use after: 124.5 MB.

Unloading 5 unused Assets to reduce memory usage. Loaded Objects now: 1644.
Total: 1.874000 ms (FindLiveObjects: 0.259611 ms CreateObjectMapping: 0.050636 ms MarkObjects: 1.493541 ms  DeleteObjects: 0.068179 ms)

========================================================================
Received Import Request.
  Time since last request: 144.322540 seconds.
  path: Assets/Scripts/Ball.cs
  artifactKey: Guid(b387cbd8ddcbc4635b090a67373b7609) Importer(815301076,1909f56bfc062723c751e8b465ee728b)
Start importing Assets/Scripts/Ball.cs using Guid(b387cbd8ddcbc4635b090a67373b7609) Importer(815301076,1909f56bfc062723c751e8b465ee728b)  -> (artifact id: '14ee7380b83a3b520944e580e79f4091') in 0.005826 seconds
  Import took 0.009160 seconds .

========================================================================
Received Import Request.
  Time since last request: 227.145324 seconds.
  path: Assets/Scripts/Ball.cs
  artifactKey: Guid(b387cbd8ddcbc4635b090a67373b7609) Importer(815301076,1909f56bfc062723c751e8b465ee728b)
Start importing Assets/Scripts/Ball.cs using Guid(b387cbd8ddcbc4635b090a67373b7609) Importer(815301076,1909f56bfc062723c751e8b465ee728b)  -> (artifact id: '6093200047870cd4ddde0cb728c41f0f') in 0.001806 seconds
  Import took 0.004185 seconds .

========================================================================
Received Prepare
Registering precompiled user dll's ...
Registered in 0.000543 seconds.
Begin MonoManager ReloadAssembly
Native extension for OSXStandalone target not found
Native extension for WebGL target not found
Refreshing native plugins compatible for Editor in 0.24 ms, found 1 plugins.
Preloading 0 native plugins for Editor in 0.00 ms.
Mono: successfully reloaded assembly
- Completed reload, in  1.444 seconds
Platform modules already initialized, skipping
Refreshing native plugins compatible for Editor in 0.25 ms, found 1 plugins.
Preloading 0 native plugins for Editor in 0.00 ms.
Unloading 1114 Unused Serialized files (Serialized files now loaded: 0)
System memory in use before: 124.7 MB.
System memory in use after: 124.7 MB.

Unloading 5 unused Assets to reduce memory usage. Loaded Objects now: 1647.
Total: 2.161239 ms (FindLiveObjects: 0.235071 ms CreateObjectMapping: 0.053349 ms MarkObjects: 1.779436 ms  DeleteObjects: 0.091255 ms)

========================================================================
Received Import Request.
  Time since last request: 187.987432 seconds.
  path: Assets/CasualGameSounds/DM-CGS-22.wav
  artifactKey: Guid(d8d04c6f80a1140db85ede568dab1f51) Importer(815301076,1909f56bfc062723c751e8b465ee728b)
Start importing Assets/CasualGameSounds/DM-CGS-22.wav using Guid(d8d04c6f80a1140db85ede568dab1f51) Importer(815301076,1909f56bfc062723c751e8b465ee728b)  -> (artifact id: 'd01a0ad7e02e2231afa5a3b90385bf77') in 0.074580 seconds
  Import took 0.077143 seconds .

========================================================================
Received Prepare
Registering precompiled user dll's ...
Registered in 0.000555 seconds.
Begin MonoManager ReloadAssembly
Native extension for OSXStandalone target not found
Native extension for WebGL target not found
Refreshing native plugins compatible for Editor in 0.23 ms, found 1 plugins.
Preloading 0 native plugins for Editor in 0.00 ms.
Mono: successfully reloaded assembly
- Completed reload, in  1.289 seconds
Platform modules already initialized, skipping
Refreshing native plugins compatible for Editor in 0.22 ms, found 1 plugins.
Preloading 0 native plugins for Editor in 0.00 ms.
Unloading 1114 Unused Serialized files (Serialized files now loaded: 0)
System memory in use before: 124.9 MB.
System memory in use after: 124.9 MB.

Unloading 5 unused Assets to reduce memory usage. Loaded Objects now: 1651.
Total: 2.198069 ms (FindLiveObjects: 0.197068 ms CreateObjectMapping: 0.048244 ms MarkObjects: 1.865537 ms  DeleteObjects: 0.085130 ms)

========================================================================
Received Import Request.
  Time since last request: 4.926706 seconds.
  path: Assets/CasualGameSounds/DM-CGS-07.wav
  artifactKey: Guid(2c5292ba5cf254919a6b9e2b18e04f49) Importer(815301076,1909f56bfc062723c751e8b465ee728b)
Start importing Assets/CasualGameSounds/DM-CGS-07.wav using Guid(2c5292ba5cf254919a6b9e2b18e04f49) Importer(815301076,1909f56bfc062723c751e8b465ee728b)  -> (artifact id: '63af971959721fbd85e0db853c9c9b38') in 0.058373 seconds
  Import took 0.060656 seconds .

========================================================================
Received Import Request.
  Time since last request: 0.824841 seconds.
  path: Assets/CasualGameSounds/DM-CGS-17.wav
  artifactKey: Guid(b9eff218e132a4e76be78840eca96fb2) Importer(815301076,1909f56bfc062723c751e8b465ee728b)
Start importing Assets/CasualGameSounds/DM-CGS-17.wav using Guid(b9eff218e132a4e76be78840eca96fb2) Importer(815301076,1909f56bfc062723c751e8b465ee728b)  -> (artifact id: '8fb8d00fdb7b4117f590b3fc2e83c559') in 0.006514 seconds
  Import took 0.008925 seconds .

========================================================================
Received Prepare
Registering precompiled user dll's ...
Registered in 0.000760 seconds.
Begin MonoManager ReloadAssembly
Native extension for OSXStandalone target not found
Native extension for WebGL target not found
Refreshing native plugins compatible for Editor in 0.28 ms, found 1 plugins.
Preloading 0 native plugins for Editor in 0.00 ms.
Mono: successfully reloaded assembly
- Completed reload, in  1.499 seconds
Platform modules already initialized, skipping
Refreshing native plugins compatible for Editor in 0.22 ms, found 1 plugins.
Preloading 0 native plugins for Editor in 0.00 ms.
Unloading 1114 Unused Serialized files (Serialized files now loaded: 0)
System memory in use before: 125.1 MB.
System memory in use after: 125.2 MB.

Unloading 5 unused Assets to reduce memory usage. Loaded Objects now: 1655.
Total: 1.873279 ms (FindLiveObjects: 0.210418 ms CreateObjectMapping: 0.051639 ms MarkObjects: 1.534312 ms  DeleteObjects: 0.075199 ms)

========================================================================
Received Import Request.
  Time since last request: 240.545730 seconds.
  path: Assets/Scripts/Ball.cs
  artifactKey: Guid(b387cbd8ddcbc4635b090a67373b7609) Importer(815301076,1909f56bfc062723c751e8b465ee728b)
Start importing Assets/Scripts/Ball.cs using Guid(b387cbd8ddcbc4635b090a67373b7609) Importer(815301076,1909f56bfc062723c751e8b465ee728b)  -> (artifact id: '018af7e1dc1e8f034fae086251d12c54') in 0.003984 seconds
  Import took 0.006173 seconds .

